timestamp: 2014-05-22T12:19:02.613242
CREATE TABLE auth_user(
    id INTEGER PRIMARY KEY AUTOINCREMENT,
    first_name CHAR(128),
    last_name CHAR(128),
    email CHAR(512),
    password CHAR(512),
    registration_key CHAR(512),
    reset_password_key CHAR(512),
    registration_id CHAR(512)
);
success!
timestamp: 2014-05-22T12:19:02.784882
CREATE TABLE auth_group(
    id INTEGER PRIMARY KEY AUTOINCREMENT,
    role CHAR(512),
    description TEXT
);
success!
timestamp: 2014-05-22T12:19:02.962383
CREATE TABLE auth_membership(
    id INTEGER PRIMARY KEY AUTOINCREMENT,
    user_id INTEGER REFERENCES auth_user(id) ON DELETE CASCADE,
    group_id INTEGER REFERENCES auth_group(id) ON DELETE CASCADE
);
success!
timestamp: 2014-05-22T12:19:03.121076
CREATE TABLE auth_permission(
    id INTEGER PRIMARY KEY AUTOINCREMENT,
    group_id INTEGER REFERENCES auth_group(id) ON DELETE CASCADE,
    name CHAR(512),
    table_name CHAR(512),
    record_id INTEGER
);
success!
timestamp: 2014-05-22T12:19:03.277946
CREATE TABLE auth_event(
    id INTEGER PRIMARY KEY AUTOINCREMENT,
    time_stamp TIMESTAMP,
    client_ip CHAR(512),
    user_id INTEGER REFERENCES auth_user(id) ON DELETE CASCADE,
    origin CHAR(512),
    description TEXT
);
success!
timestamp: 2014-05-22T12:19:03.466255
CREATE TABLE auth_cas(
    id INTEGER PRIMARY KEY AUTOINCREMENT,
    user_id INTEGER REFERENCES auth_user(id) ON DELETE CASCADE,
    created_on TIMESTAMP,
    service CHAR(512),
    ticket CHAR(512),
    renew CHAR(1)
);
success!
timestamp: 2014-05-24T10:39:19.091298
CREATE TABLE kurssityo(
    id INTEGER PRIMARY KEY AUTOINCREMENT,
    title CHAR(512) UNIQUE,
    palautettu CHAR(512),
    korjattu CHAR(512),
    arvosana DOUBLE
);
success!
timestamp: 2014-05-24T10:39:19.300721
CREATE TABLE opettaja(
    id INTEGER PRIMARY KEY AUTOINCREMENT,
    sukunimi CHAR(512),
    etunimi CHAR(512)
);
success!
timestamp: 2014-05-24T10:40:42.793362
CREATE TABLE systeemi(
    id INTEGER PRIMARY KEY AUTOINCREMENT,
    kirjautunut CHAR(512),
    viimeisin_bacup DATE
);
success!
timestamp: 2014-05-24T11:02:37.956100
ALTER TABLE opettaja ADD kurssityo_id INTEGER REFERENCES kurssityo(id) ON DELETE CASCADE;
timestamp: 2014-05-24T11:06:36.124373
ALTER TABLE opettaja ADD oppilas_id INTEGER REFERENCES oppilas(id) ON DELETE CASCADE;
timestamp: 2014-05-24T11:06:36.338343
CREATE TABLE oppilas(
    id INTEGER PRIMARY KEY AUTOINCREMENT,
    sukunimi CHAR(512),
    etunimi CHAR(512),
    kurssityo_id INTEGER REFERENCES kurssityo(id) ON DELETE CASCADE
);
success!
timestamp: 2014-05-24T11:07:46.610156
CREATE TABLE yllapitaja(
    id INTEGER PRIMARY KEY AUTOINCREMENT,
    sukunimi CHAR(512),
    etunimi CHAR(512),
    kurssityo_id INTEGER REFERENCES kurssityo(id) ON DELETE CASCADE,
    oppilas_id INTEGER REFERENCES oppilas(id) ON DELETE CASCADE,
    opettaja_id INTEGER REFERENCES opettaja(id) ON DELETE CASCADE
);
success!
timestamp: 2014-05-24T11:54:45.981661
CREATE TABLE kurssi(
    id INTEGER PRIMARY KEY AUTOINCREMENT,
    title CHAR(512) UNIQUE,
    kurssityo_id INTEGER REFERENCES kurssityo(id) ON DELETE CASCADE
);
success!
timestamp: 2014-05-24T11:54:46.167493
ALTER TABLE opettaja ADD kurssi_id INTEGER REFERENCES kurssi(id) ON DELETE CASCADE;
timestamp: 2014-05-24T11:54:46.389559
ALTER TABLE oppilas ADD kurssi_id INTEGER REFERENCES kurssi(id) ON DELETE CASCADE;
